TN:
SF:src/app.ts
FNF:0
FNH:0
DA:1,1
DA:2,1
DA:3,1
DA:4,1
DA:5,1
DA:6,1
DA:7,1
DA:8,1
DA:9,1
DA:10,1
DA:11,1
DA:12,1
DA:13,1
DA:14,1
DA:15,1
LF:15
LH:15
BRF:0
BRH:0
end_of_record
TN:
SF:src/data-source.ts
FNF:0
FNH:0
DA:1,1
DA:2,1
DA:3,1
DA:4,1
DA:5,1
DA:6,1
DA:7,1
DA:8,1
DA:9,1
DA:10,1
DA:11,1
DA:12,1
DA:13,0
DA:14,0
DA:15,0
DA:16,0
DA:17,0
DA:18,0
DA:19,0
DA:20,0
DA:21,0
DA:22,0
DA:23,0
LF:23
LH:12
BRDA:12,0,0,0
BRF:1
BRH:0
end_of_record
TN:
SF:src/controllers/client.controller.ts
FN:5,create
FN:21,list
FN:27,retrieve
FN:35,update
FN:42,delete
FNF:5
FNH:5
FNDA:11,create
FNDA:8,list
FNDA:1,retrieve
FNDA:2,update
FNDA:1,delete
DA:1,1
DA:2,1
DA:3,1
DA:4,1
DA:5,1
DA:6,11
DA:7,11
DA:8,11
DA:9,11
DA:10,11
DA:11,11
DA:12,11
DA:13,11
DA:14,11
DA:15,11
DA:16,11
DA:17,8
DA:18,8
DA:19,8
DA:20,1
DA:21,1
DA:22,8
DA:23,8
DA:24,8
DA:25,8
DA:26,1
DA:27,1
DA:28,1
DA:29,1
DA:30,1
DA:31,1
DA:32,1
DA:33,1
DA:34,1
DA:35,1
DA:36,2
DA:37,2
DA:38,1
DA:39,1
DA:40,1
DA:41,1
DA:42,1
DA:43,1
DA:44,1
DA:45,1
DA:46,1
DA:47,1
DA:48,1
DA:49,1
DA:50,1
DA:51,1
LF:51
LH:51
BRDA:5,0,0,11
BRDA:17,1,0,8
BRDA:21,2,0,8
BRDA:27,3,0,1
BRDA:35,4,0,2
BRDA:38,5,0,1
BRDA:42,6,0,1
BRF:7
BRH:7
end_of_record
TN:
SF:src/controllers/contact.controller.ts
FN:6,create
FN:25,listByClientId
FN:33,retrieve
FN:41,update
FN:50,delete
FNF:5
FNH:5
FNDA:5,create
FNDA:4,listByClientId
FNDA:1,retrieve
FNDA:1,update
FNDA:1,delete
DA:1,1
DA:2,1
DA:3,1
DA:4,1
DA:5,1
DA:6,1
DA:7,5
DA:8,5
DA:9,5
DA:10,5
DA:11,5
DA:12,5
DA:13,5
DA:14,5
DA:15,5
DA:16,5
DA:17,5
DA:18,5
DA:19,5
DA:20,5
DA:21,4
DA:22,4
DA:23,4
DA:24,1
DA:25,1
DA:26,4
DA:27,4
DA:28,4
DA:29,4
DA:30,4
DA:31,4
DA:32,1
DA:33,1
DA:34,1
DA:35,1
DA:36,1
DA:37,1
DA:38,1
DA:39,1
DA:40,1
DA:41,1
DA:42,1
DA:43,1
DA:44,1
DA:45,1
DA:46,1
DA:47,1
DA:48,1
DA:49,1
DA:50,1
DA:51,1
DA:52,1
DA:53,1
DA:54,1
DA:55,1
DA:56,1
DA:57,1
DA:58,1
DA:59,1
DA:60,1
DA:61,1
LF:61
LH:61
BRDA:6,0,0,5
BRDA:21,1,0,4
BRDA:25,2,0,4
BRDA:33,3,0,1
BRDA:41,4,0,1
BRDA:50,5,0,1
BRF:6
BRH:6
end_of_record
TN:
SF:src/entities/client.entity.ts
FN:8,<instance_members_initializer>
FN:25,Client
FNF:2
FNH:2
FNDA:64,<instance_members_initializer>
FNDA:64,Client
DA:1,1
DA:2,1
DA:3,1
DA:4,1
DA:5,1
DA:6,1
DA:7,1
DA:8,1
DA:9,64
DA:10,64
DA:11,64
DA:12,64
DA:13,64
DA:14,64
DA:15,64
DA:16,64
DA:17,64
DA:18,64
DA:19,64
DA:20,64
DA:21,64
DA:22,64
DA:23,1
DA:24,1
DA:25,1
DA:26,64
DA:27,64
DA:28,64
DA:29,64
DA:30,1
LF:30
LH:30
BRDA:8,0,0,64
BRDA:25,1,0,64
BRDA:22,2,0,6
BRDA:22,3,0,6
BRF:4
BRH:4
end_of_record
TN:
SF:src/entities/contact.entity.ts
FN:8,<instance_members_initializer>
FN:22,Contact
FN:19,Object.<anonymous>.__decorate.eager
FN:19,Object.<anonymous>.__decorate.eager
FNF:4
FNH:4
FNDA:19,<instance_members_initializer>
FNDA:19,Contact
FNDA:6,Object.<anonymous>.__decorate.eager
FNDA:6,Object.<anonymous>.__decorate.eager
DA:1,1
DA:2,1
DA:3,1
DA:4,1
DA:5,1
DA:6,1
DA:7,1
DA:8,1
DA:9,19
DA:10,19
DA:11,19
DA:12,19
DA:13,19
DA:14,19
DA:15,19
DA:16,19
DA:17,19
DA:18,19
DA:19,19
DA:20,1
DA:21,1
DA:22,1
DA:23,19
DA:24,19
DA:25,19
DA:26,19
DA:27,1
LF:27
LH:27
BRDA:8,0,0,19
BRDA:22,1,0,19
BRDA:19,2,0,6
BRDA:19,3,0,6
BRF:4
BRH:4
end_of_record
TN:
SF:src/errors/AppError.ts
FN:4,<instance_members_initializer>
FN:6,AppError
FN:13,handleError
FNF:3
FNH:2
FNDA:4,<instance_members_initializer>
FNDA:4,AppError
FNDA:0,handleError
DA:1,1
DA:2,1
DA:3,1
DA:4,1
DA:5,1
DA:6,1
DA:7,4
DA:8,4
DA:9,4
DA:10,4
DA:11,1
DA:12,1
DA:13,1
DA:14,0
DA:15,0
DA:16,0
DA:17,0
DA:18,0
DA:19,0
DA:20,0
DA:21,0
LF:21
LH:13
BRDA:4,0,0,4
BRDA:6,1,0,4
BRF:2
BRH:2
end_of_record
TN:
SF:src/middlewares/handleAppError.middleware.ts
FN:4,handleAppErrorMiddleware
FNF:1
FNH:1
FNDA:5,handleAppErrorMiddleware
DA:1,1
DA:2,1
DA:3,1
DA:4,1
DA:5,5
DA:6,4
DA:7,4
DA:8,4
DA:9,4
DA:10,1
DA:11,1
DA:12,1
DA:13,1
DA:14,1
DA:15,1
DA:16,1
DA:17,1
LF:17
LH:17
BRDA:4,0,0,5
BRDA:5,1,0,4
BRDA:10,2,0,1
BRF:3
BRH:3
end_of_record
TN:
SF:src/routers/clients.routes.ts
FN:7,clientsRoutes
FNF:1
FNH:1
FNDA:2,clientsRoutes
DA:1,1
DA:2,1
DA:3,1
DA:4,1
DA:5,1
DA:6,1
DA:7,1
DA:8,2
DA:9,2
DA:10,2
DA:11,2
DA:12,2
DA:13,2
DA:14,2
DA:15,2
DA:16,2
LF:16
LH:16
BRDA:7,0,0,2
BRF:1
BRH:1
end_of_record
TN:
SF:src/routers/contacts.routes.ts
FN:7,contactsRoutes
FNF:1
FNH:1
FNDA:2,contactsRoutes
DA:1,1
DA:2,1
DA:3,1
DA:4,1
DA:5,1
DA:6,1
DA:7,1
DA:8,2
DA:9,2
DA:10,2
DA:11,2
DA:12,2
DA:13,2
DA:14,2
DA:15,2
DA:16,2
LF:16
LH:16
BRDA:7,0,0,2
BRF:1
BRH:1
end_of_record
TN:
SF:src/routers/index.ts
FN:5,appRoutes
FNF:1
FNH:1
FNDA:2,appRoutes
DA:1,1
DA:2,1
DA:3,1
DA:4,1
DA:5,1
DA:6,2
DA:7,2
DA:8,2
DA:9,1
DA:10,1
LF:10
LH:10
BRDA:5,0,0,2
BRF:1
BRH:1
end_of_record
TN:
SF:src/services/client.service.ts
FN:8,createClientService
FN:37,listClientsService
FN:44,retrieveClientService
FN:55,updateClientService
FN:75,deleteClientService
FNF:5
FNH:5
FNDA:11,createClientService
FNDA:8,listClientsService
FNDA:1,retrieveClientService
FNDA:2,updateClientService
FNDA:1,deleteClientService
DA:1,1
DA:2,1
DA:3,1
DA:4,1
DA:5,1
DA:6,1
DA:7,1
DA:8,1
DA:9,11
DA:10,11
DA:11,11
DA:12,11
DA:13,11
DA:14,11
DA:15,11
DA:16,11
DA:17,11
DA:18,1
DA:19,1
DA:20,10
DA:21,11
DA:22,1
DA:23,1
DA:24,9
DA:25,9
DA:26,9
DA:27,9
DA:28,9
DA:29,9
DA:30,9
DA:31,9
DA:32,9
DA:33,8
DA:34,8
DA:35,8
DA:36,1
DA:37,1
DA:38,8
DA:39,8
DA:40,8
DA:41,8
DA:42,8
DA:43,1
DA:44,1
DA:45,1
DA:46,1
DA:47,1
DA:48,1
DA:49,0
DA:50,0
DA:51,1
DA:52,1
DA:53,1
DA:54,1
DA:55,1
DA:56,2
DA:57,2
DA:58,2
DA:59,2
DA:60,2
DA:61,1
DA:62,1
DA:63,1
DA:64,1
DA:65,1
DA:66,1
DA:67,1
DA:68,1
DA:69,1
DA:70,2
DA:71,2
DA:72,2
DA:73,2
DA:74,1
DA:75,1
DA:76,1
DA:77,1
DA:78,1
DA:79,1
DA:80,1
DA:81,0
DA:82,0
DA:83,1
DA:84,1
DA:85,1
DA:86,1
DA:87,1
DA:88,1
DA:89,1
DA:90,1
LF:90
LH:86
BRDA:8,0,0,11
BRDA:17,1,0,1
BRDA:20,2,0,10
BRDA:21,3,0,1
BRDA:24,4,0,9
BRDA:33,5,0,8
BRDA:17,6,0,5
BRDA:21,7,0,4
BRDA:37,8,0,8
BRDA:44,9,0,1
BRDA:48,10,0,0
BRDA:55,11,0,2
BRDA:60,12,0,1
BRDA:58,13,0,4
BRDA:75,14,0,1
BRDA:80,15,0,0
BRDA:78,16,0,1
BRF:17
BRH:15
end_of_record
TN:
SF:src/services/contact.service.ts
FN:10,createContactService
FN:44,listContactsByClientId
FN:61,retrieveContactService
FN:72,update
FN:89,delete
FNF:5
FNH:5
FNDA:5,createContactService
FNDA:4,listContactsByClientId
FNDA:1,retrieveContactService
FNDA:1,update
FNDA:1,delete
DA:1,1
DA:2,1
DA:3,1
DA:4,1
DA:5,1
DA:6,1
DA:7,1
DA:8,1
DA:9,1
DA:10,1
DA:11,5
DA:12,5
DA:13,5
DA:14,5
DA:15,5
DA:16,5
DA:17,5
DA:18,5
DA:19,5
DA:20,1
DA:21,1
DA:22,4
DA:23,4
DA:24,4
DA:25,4
DA:26,4
DA:27,4
DA:28,4
DA:29,5
DA:30,0
DA:31,0
DA:32,4
DA:33,4
DA:34,4
DA:35,4
DA:36,4
DA:37,4
DA:38,4
DA:39,4
DA:40,4
DA:41,4
DA:42,4
DA:43,1
DA:44,1
DA:45,4
DA:46,4
DA:47,4
DA:48,4
DA:49,4
DA:50,4
DA:51,4
DA:52,0
DA:53,0
DA:54,4
DA:55,4
DA:56,4
DA:57,4
DA:58,4
DA:59,4
DA:60,1
DA:61,1
DA:62,1
DA:63,1
DA:64,1
DA:65,1
DA:66,0
DA:67,0
DA:68,1
DA:69,1
DA:70,1
DA:71,1
DA:72,1
DA:73,1
DA:74,1
DA:75,1
DA:76,1
DA:77,0
DA:78,0
DA:79,1
DA:80,1
DA:81,1
DA:82,1
DA:83,1
DA:84,1
DA:85,1
DA:86,1
DA:87,1
DA:88,1
DA:89,1
DA:90,1
DA:91,1
DA:92,1
DA:93,1
DA:94,0
DA:95,0
DA:96,1
DA:97,1
DA:98,1
DA:99,1
DA:100,1
DA:101,1
DA:102,1
DA:103,1
LF:103
LH:93
BRDA:10,0,0,5
BRDA:19,1,0,4
BRDA:19,2,0,4
BRDA:19,3,0,1
BRDA:22,4,0,4
BRDA:29,5,0,0
BRDA:32,6,0,4
BRDA:44,7,0,4
BRDA:51,8,0,0
BRDA:55,9,0,5
BRDA:61,10,0,1
BRDA:65,11,0,0
BRDA:72,12,0,1
BRDA:76,13,0,0
BRDA:89,14,0,1
BRDA:93,15,0,0
BRF:16
BRH:11
end_of_record
